<?xml version="1.0" encoding="UTF-8"?>
<!-- Generated by org.testng.reporters.JUnitXMLReporter -->
<testsuite hostname="DESKTOP-6C5IDS7" ignored="0" name="Test" tests="5" failures="1" timestamp="2022-02-28T08:23:50 IST" time="0.029" errors="0">
  <testcase name="loginPage" time="0.005" classname="com.testngfeatures.RetryAnalyzerConcept"/>
  <testcase name="loginPage2" time="0.001" classname="com.testngfeatures.RetryAnalyzerConcept">
    <skipped/>
  </testcase> <!-- loginPage2 -->
  <testcase name="loginPage2" time="0.0" classname="com.testngfeatures.RetryAnalyzerConcept">
    <skipped/>
  </testcase> <!-- loginPage2 -->
  <testcase name="loginPage2" time="0.001" classname="com.testngfeatures.RetryAnalyzerConcept">
    <skipped/>
  </testcase> <!-- loginPage2 -->
  <testcase name="loginPage2" time="0.0" classname="com.testngfeatures.RetryAnalyzerConcept">
    <failure type="java.lang.AssertionError" message="expected [Instagram] but found [instagram]">
      <![CDATA[java.lang.AssertionError: expected [Instagram] but found [instagram]
at com.testngfeatures.RetryAnalyzerConcept.loginPage2(RetryAnalyzerConcept.java:29)
at java.util.ArrayList.forEach(Unknown Source)
... Removed 33 stack frames]]>
    </failure>
  </testcase> <!-- loginPage2 -->
</testsuite> <!-- Test -->
